<?xml version="1.1" encoding="UTF-8"?>
<testsuite name="api.ApiContractTest" tests="1" failures="0" errors="0" timestamp="2013-07-18T19:21:44" hostname="RC9243.local" time="0.032">
  <properties/>
  <testcase name="shouldIncludeContractFields" classname="api.ApiContractTest" time="0.032"/>
  <system-out><![CDATA[]]></system-out>
  <system-err><![CDATA[]]></system-err>
</testsuite>
