<?xml version="1.1" encoding="UTF-8"?>
<testsuite name="api.SampleApiResourceTest" tests="1" failures="0" errors="0" timestamp="2013-07-18T17:17:15" hostname="RC9243.local" time="0.013">
  <properties/>
  <testcase name="shouldReturnContent" classname="api.SampleApiResourceTest" time="0.013"/>
  <system-out><![CDATA[]]></system-out>
  <system-err><![CDATA[]]></system-err>
</testsuite>
